<?xml version="1.0" encoding="UTF-8"?>
<testng-results ignored="0" total="1" passed="1" failed="0" skipped="0">
  <reporter-output>
  </reporter-output>
  <suite started-at="2020-08-06T14:26:53 IST" name="Default suite" finished-at="2020-08-06T14:26:55 IST" duration-ms="1627">
    <groups>
    </groups>
    <test started-at="2020-08-06T14:26:53 IST" name="Default test" finished-at="2020-08-06T14:26:55 IST" duration-ms="1627">
      <class name="co.qa.tests.PostAPITest">
        <test-method is-config="true" signature="setup()[pri:0, instance:co.qa.tests.PostAPITest@79efed2d]" started-at="2020-08-06T14:26:53 IST" name="setup" finished-at="2020-08-06T14:26:53 IST" duration-ms="6" status="PASS">
          <reporter-output>
          </reporter-output>
        </test-method> <!-- setup -->
        <test-method signature="PostAPITest()[pri:0, instance:co.qa.tests.PostAPITest@79efed2d]" started-at="2020-08-06T14:26:53 IST" name="PostAPITest" finished-at="2020-08-06T14:26:55 IST" duration-ms="1590" status="PASS">
          <reporter-output>
          </reporter-output>
        </test-method> <!-- PostAPITest -->
      </class> <!-- co.qa.tests.PostAPITest -->
    </test> <!-- Default test -->
  </suite> <!-- Default suite -->
</testng-results>
